* Starting client
* Connecting to master process on port 10369
* Analyzing classpath: 
  - /home/fur0xx/Sem2/PAT/testing-pom/junit-ci/target/test-classes
  - /home/fur0xx/Sem2/PAT/testing-pom/junit-ci/target/classes
  - /home/fur0xx/.m2/repository/junit/junit/4.12/junit-4.12.jar
  - /home/fur0xx/.m2/repository/org/hamcrest/hamcrest-core/1.3/hamcrest-core-1.3.jar
* Finished analyzing classpath
* Generating tests for class com.pat.avltree.AVLTree
* Test criteria:
  - Line Coverage
  - Branch Coverage
  - Exception
  - Mutation testing (weak)
  - Method-Output Coverage
  - Top-Level Method Coverage
  - No-Exception Top-Level Method Coverage
  - Context Branch Coverage
* Setting up search algorithm for whole suite generation
* Loaded 28 tests from /home/fur0xx/Sem2/PAT/testing-pom/junit-ci/.evosuite/evosuite-seeds/com.pat.avltree.AVLTree.seed
* Total number of test goals: 
  - Line 78
  - Branch 48
  - Exception 0
  - MutationFactory 177
  - Output 10
  - Method 8
  - MethodNoException 8
  - CBranchFitnessFactory 48
* Using seed 1650002797534
* Starting evolution
* Search finished after 32s and 7 generations, 4780 statements, best individual has fitness: 24.291666666666668
* Writing sequences to pool
* Minimizing test suite
[MASTER] 01:07:20.851 [pool-2-thread-1] WARN  TestSuiteMinimizer - Minimization timeout. Roll back to original test suite
* Going to analyze the coverage criteria
* Coverage analysis for criterion LINE
* Coverage of criterion LINE: 100%
* Total number of goals: 78
* Number of covered goals: 78
* Coverage analysis for criterion BRANCH
* Coverage of criterion BRANCH: 98%
* Total number of goals: 48
* Number of covered goals: 47
* Coverage analysis for criterion EXCEPTION
* Coverage of criterion EXCEPTION: 100%
* Total number of goals: 7
* Number of covered goals: 7
* Coverage analysis for criterion WEAKMUTATION
* Coverage of criterion WEAKMUTATION: 98%
* Total number of goals: 177
* Number of covered goals: 173
* Coverage analysis for criterion OUTPUT
* Coverage of criterion OUTPUT: 100%
* Total number of goals: 10
* Number of covered goals: 10
* Coverage analysis for criterion METHOD
* Coverage of criterion METHOD: 100%
* Total number of goals: 8
* Number of covered goals: 8
* Coverage analysis for criterion METHODNOEXCEPTION
* Coverage of criterion METHODNOEXCEPTION: 100%
* Total number of goals: 8
* Number of covered goals: 8
* Coverage analysis for criterion CBRANCH
* Coverage of criterion CBRANCH: 58%
* Total number of goals: 48
* Number of covered goals: 28
* Generated 12 tests with total length 217
* Resulting test suite's coverage: 94% (average coverage for all fitness functions)
* Generating assertions
[MASTER] 01:07:26.156 [pool-2-thread-1] WARN  SimpleMutationAssertionGenerator - Reached maximum time to generate assertions, aborting assertion generation
* Resulting test suite's mutation score: 2%
* Compiling and checking tests
* Writing JUnit test case 'AVLTree_ESTest' to /home/fur0xx/Sem2/PAT/testing-pom/junit-ci/.evosuite/tmp_2022_04_15_01_06_35/tests
